[1m============================= test session starts ==============================[0m
platform linux -- Python 3.5.2, pytest-3.1.3, py-1.5.2, pluggy-0.4.0
rootdir: /home/sjy/github/coala, inifile: setup.cfg
plugins: xdist-1.22.0, timeout-1.2.1, reqs-0.0.7, reorder-0.1.0, mock-1.7.0, instafail-0.3.0, forked-0.2, error-for-skips-1.0.0, env-0.6.2, cov-2.5.1
timeout: 35.0s method: signal
collected 67 items

CliParsingTest.py ..
ConfParserTest.py .........
DefaultArgParserTest.py ..
FilterTest.py ............
GlobbingTest.py .................................
LineParserTest.py .........

----------- coverage: platform linux, python 3.5.2-final-0 -----------
Name                                                                                                                  Stmts   Miss  Cover
-----------------------------------------------------------------------------------------------------------------------------------------
/home/sjy/github/coala-venv/lib/python3.5/site-packages/_pytest/_argcomplete.py                                          34     33     3%
/home/sjy/github/coala-venv/lib/python3.5/site-packages/_pytest/_code/code.py                                           581    558     4%
/home/sjy/github/coala-venv/lib/python3.5/site-packages/_pytest/_code/source.py                                         280    256     9%
/home/sjy/github/coala-venv/lib/python3.5/site-packages/_pytest/assertion/__init__.py                                    66     59    11%
/home/sjy/github/coala-venv/lib/python3.5/site-packages/_pytest/assertion/rewrite.py                                    565    418    26%
/home/sjy/github/coala-venv/lib/python3.5/site-packages/_pytest/cacheprovider.py                                        140    118    16%
/home/sjy/github/coala-venv/lib/python3.5/site-packages/_pytest/capture.py                                              347    280    19%
/home/sjy/github/coala-venv/lib/python3.5/site-packages/_pytest/compat.py                                               156    131    16%
/home/sjy/github/coala-venv/lib/python3.5/site-packages/_pytest/config.py                                               871    696    20%
/home/sjy/github/coala-venv/lib/python3.5/site-packages/_pytest/debugging.py                                             85     75    12%
/home/sjy/github/coala-venv/lib/python3.5/site-packages/_pytest/doctest.py                                              189    148    22%
/home/sjy/github/coala-venv/lib/python3.5/site-packages/_pytest/fixtures.py                                             660    533    19%
/home/sjy/github/coala-venv/lib/python3.5/site-packages/_pytest/helpconfig.py                                           106     97     8%
/home/sjy/github/coala-venv/lib/python3.5/site-packages/_pytest/junitxml.py                                             250    248     1%
/home/sjy/github/coala-venv/lib/python3.5/site-packages/_pytest/main.py                                                 521    315    40%
/home/sjy/github/coala-venv/lib/python3.5/site-packages/_pytest/mark.py                                                 201    191     5%
/home/sjy/github/coala-venv/lib/python3.5/site-packages/_pytest/monkeypatch.py                                          127    115     9%
/home/sjy/github/coala-venv/lib/python3.5/site-packages/_pytest/nose.py                                                  43     39     9%
/home/sjy/github/coala-venv/lib/python3.5/site-packages/_pytest/pastebin.py                                              62     60     3%
/home/sjy/github/coala-venv/lib/python3.5/site-packages/_pytest/python.py                                               862    730    15%
/home/sjy/github/coala-venv/lib/python3.5/site-packages/_pytest/resultlog.py                                             87     85     2%
/home/sjy/github/coala-venv/lib/python3.5/site-packages/_pytest/runner.py                                               366    250    32%
/home/sjy/github/coala-venv/lib/python3.5/site-packages/_pytest/setuponly.py                                             47     46     2%
/home/sjy/github/coala-venv/lib/python3.5/site-packages/_pytest/setupplan.py                                             13     12     8%
/home/sjy/github/coala-venv/lib/python3.5/site-packages/_pytest/skipping.py                                             251    219    13%
/home/sjy/github/coala-venv/lib/python3.5/site-packages/_pytest/terminal.py                                             467    353    24%
/home/sjy/github/coala-venv/lib/python3.5/site-packages/_pytest/tmpdir.py                                                63     56    11%
/home/sjy/github/coala-venv/lib/python3.5/site-packages/_pytest/unittest.py                                             169    120    29%
/home/sjy/github/coala-venv/lib/python3.5/site-packages/_pytest/vendored_packages/pluggy.py                             429    279    35%
/home/sjy/github/coala-venv/lib/python3.5/site-packages/_pytest/warnings.py                                              50     41    18%
/home/sjy/github/coala-venv/lib/python3.5/site-packages/apipkg.py                                                       148    141     5%
/home/sjy/github/coala-venv/lib/python3.5/site-packages/appdirs.py                                                      250    210    16%
/home/sjy/github/coala-venv/lib/python3.5/site-packages/argcomplete/__init__.py                                         341    285    16%
/home/sjy/github/coala-venv/lib/python3.5/site-packages/argcomplete/compat.py                                            16      7    56%
/home/sjy/github/coala-venv/lib/python3.5/site-packages/argcomplete/completers.py                                        67     42    37%
/home/sjy/github/coala-venv/lib/python3.5/site-packages/argcomplete/my_argparse.py                                      180    171     5%
/home/sjy/github/coala-venv/lib/python3.5/site-packages/argcomplete/my_shlex.py                                         243    219    10%
/home/sjy/github/coala-venv/lib/python3.5/site-packages/argcomplete/shellintegration.py                                  10      7    30%
/home/sjy/github/coala-venv/lib/python3.5/site-packages/certifi/core.py                                                  12     10    17%
/home/sjy/github/coala-venv/lib/python3.5/site-packages/chardet/__init__.py                                              11      7    36%
/home/sjy/github/coala-venv/lib/python3.5/site-packages/chardet/big5freq.py                                               3      0   100%
/home/sjy/github/coala-venv/lib/python3.5/site-packages/chardet/big5prober.py                                            14      6    57%
/home/sjy/github/coala-venv/lib/python3.5/site-packages/chardet/chardistribution.py                                     117     83    29%
/home/sjy/github/coala-venv/lib/python3.5/site-packages/chardet/charsetgroupprober.py                                    70     61    13%
/home/sjy/github/coala-venv/lib/python3.5/site-packages/chardet/charsetprober.py                                         50     36    28%
/home/sjy/github/coala-venv/lib/python3.5/site-packages/chardet/codingstatemachine.py                                    27     18    33%
/home/sjy/github/coala-venv/lib/python3.5/site-packages/chardet/compat.py                                                10      4    60%
/home/sjy/github/coala-venv/lib/python3.5/site-packages/chardet/cp949prober.py                                           14      6    57%
/home/sjy/github/coala-venv/lib/python3.5/site-packages/chardet/enums.py                                                 34      1    97%
/home/sjy/github/coala-venv/lib/python3.5/site-packages/chardet/escprober.py                                             56     45    20%
/home/sjy/github/coala-venv/lib/python3.5/site-packages/chardet/escsm.py                                                 17      0   100%
/home/sjy/github/coala-venv/lib/python3.5/site-packages/chardet/eucjpprober.py                                           47     34    28%
/home/sjy/github/coala-venv/lib/python3.5/site-packages/chardet/euckrfreq.py                                              3      0   100%
/home/sjy/github/coala-venv/lib/python3.5/site-packages/chardet/euckrprober.py                                           14      6    57%
/home/sjy/github/coala-venv/lib/python3.5/site-packages/chardet/euctwfreq.py                                              3      0   100%
/home/sjy/github/coala-venv/lib/python3.5/site-packages/chardet/euctwprober.py                                           14      6    57%
/home/sjy/github/coala-venv/lib/python3.5/site-packages/chardet/gb2312freq.py                                             3      0   100%
/home/sjy/github/coala-venv/lib/python3.5/site-packages/chardet/gb2312prober.py                                          14      6    57%
/home/sjy/github/coala-venv/lib/python3.5/site-packages/chardet/hebrewprober.py                                          74     48    35%
/home/sjy/github/coala-venv/lib/python3.5/site-packages/chardet/jisfreq.py                                                3      0   100%
/home/sjy/github/coala-venv/lib/python3.5/site-packages/chardet/jpcntx.py                                                80     61    24%
/home/sjy/github/coala-venv/lib/python3.5/site-packages/chardet/langbulgarianmodel.py                                     5      0   100%
/home/sjy/github/coala-venv/lib/python3.5/site-packages/chardet/langcyrillicmodel.py                                     13      0   100%
/home/sjy/github/coala-venv/lib/python3.5/site-packages/chardet/langgreekmodel.py                                         5      0   100%
/home/sjy/github/coala-venv/lib/python3.5/site-packages/chardet/langhebrewmodel.py                                        3      0   100%
/home/sjy/github/coala-venv/lib/python3.5/site-packages/chardet/langthaimodel.py                                          3      0   100%
/home/sjy/github/coala-venv/lib/python3.5/site-packages/chardet/langturkishmodel.py                                       3      0   100%
/home/sjy/github/coala-venv/lib/python3.5/site-packages/chardet/latin1prober.py                                          50     29    42%
/home/sjy/github/coala-venv/lib/python3.5/site-packages/chardet/mbcharsetprober.py                                       42     33    21%
/home/sjy/github/coala-venv/lib/python3.5/site-packages/chardet/mbcsgroupprober.py                                       14      3    79%
/home/sjy/github/coala-venv/lib/python3.5/site-packages/chardet/mbcssm.py                                                41      0   100%
/home/sjy/github/coala-venv/lib/python3.5/site-packages/chardet/sbcharsetprober.py                                       73     60    18%
/home/sjy/github/coala-venv/lib/python3.5/site-packages/chardet/sbcsgroupprober.py                                       19      8    58%
/home/sjy/github/coala-venv/lib/python3.5/site-packages/chardet/sjisprober.py                                            47     34    28%
/home/sjy/github/coala-venv/lib/python3.5/site-packages/chardet/universaldetector.py                                    124    104    16%
/home/sjy/github/coala-venv/lib/python3.5/site-packages/chardet/utf8prober.py                                            41     29    29%
/home/sjy/github/coala-venv/lib/python3.5/site-packages/chardet/version.py                                                2      0   100%
/home/sjy/github/coala-venv/lib/python3.5/site-packages/coala_utils/Comparable.py                                         3      0   100%
/home/sjy/github/coala-venv/lib/python3.5/site-packages/coala_utils/Constants.py                                          6      0   100%
/home/sjy/github/coala-venv/lib/python3.5/site-packages/coala_utils/ContextManagers.py                                  116     62    47%
/home/sjy/github/coala-venv/lib/python3.5/site-packages/coala_utils/FileUtils.py                                         14      9    36%
/home/sjy/github/coala-venv/lib/python3.5/site-packages/coala_utils/MutableValue.py                                       3      1    67%
/home/sjy/github/coala-venv/lib/python3.5/site-packages/coala_utils/__init__.py                                           6      0   100%
/home/sjy/github/coala-venv/lib/python3.5/site-packages/coala_utils/decorators.py                                       135     38    72%
/home/sjy/github/coala-venv/lib/python3.5/site-packages/coala_utils/string_processing/Core.py                           112     51    54%
/home/sjy/github/coala-venv/lib/python3.5/site-packages/coala_utils/string_processing/Filters.py                         13      8    38%
/home/sjy/github/coala-venv/lib/python3.5/site-packages/coala_utils/string_processing/InBetweenMatch.py                  18      9    50%
/home/sjy/github/coala-venv/lib/python3.5/site-packages/coala_utils/string_processing/Match.py                           18      8    56%
/home/sjy/github/coala-venv/lib/python3.5/site-packages/coala_utils/string_processing/StringConverter.py                 82     14    83%
/home/sjy/github/coala-venv/lib/python3.5/site-packages/coala_utils/string_processing/__init__.py                         3      0   100%
/home/sjy/github/coala-venv/lib/python3.5/site-packages/colorama/__init__.py                                              4      0   100%
/home/sjy/github/coala-venv/lib/python3.5/site-packages/colorama/ansi.py                                                 74      8    89%
/home/sjy/github/coala-venv/lib/python3.5/site-packages/colorama/ansitowin32.py                                         114     65    43%
/home/sjy/github/coala-venv/lib/python3.5/site-packages/colorama/initialise.py                                           47     17    64%
/home/sjy/github/coala-venv/lib/python3.5/site-packages/colorama/win32.py                                                79     69    13%
/home/sjy/github/coala-venv/lib/python3.5/site-packages/colorama/winterm.py                                             116     87    25%
/home/sjy/github/coala-venv/lib/python3.5/site-packages/colorlog/__init__.py                                              4      0   100%
/home/sjy/github/coala-venv/lib/python3.5/site-packages/colorlog/colorlog.py                                             77     33    57%
/home/sjy/github/coala-venv/lib/python3.5/site-packages/colorlog/escape_codes.py                                         16      2    88%
/home/sjy/github/coala-venv/lib/python3.5/site-packages/colorlog/logging.py                                              28      9    68%
/home/sjy/github/coala-venv/lib/python3.5/site-packages/dependency_management/Helper.py                                   3      1    67%
/home/sjy/github/coala-venv/lib/python3.5/site-packages/dependency_management/__init__.py                                 1      0   100%
/home/sjy/github/coala-venv/lib/python3.5/site-packages/dependency_management/requirements/ExecutableRequirement.py       8      1    88%
/home/sjy/github/coala-venv/lib/python3.5/site-packages/dependency_management/requirements/PackageRequirement.py         20      6    70%
/home/sjy/github/coala-venv/lib/python3.5/site-packages/dependency_management/requirements/PipRequirement.py             17      6    65%
/home/sjy/github/coala-venv/lib/python3.5/site-packages/dependency_management/requirements/__init__.py                    0      0   100%
/home/sjy/github/coala-venv/lib/python3.5/site-packages/idna/__init__.py                                                  2      0   100%
/home/sjy/github/coala-venv/lib/python3.5/site-packages/idna/core.py                                                    275    237    14%
/home/sjy/github/coala-venv/lib/python3.5/site-packages/idna/idnadata.py                                                  4      0   100%
/home/sjy/github/coala-venv/lib/python3.5/site-packages/idna/intranges.py                                                29     24    17%
/home/sjy/github/coala-venv/lib/python3.5/site-packages/idna/package_data.py                                              1      0   100%
/home/sjy/github/coala-venv/lib/python3.5/site-packages/packaging/__about__.py                                           10      0   100%
/home/sjy/github/coala-venv/lib/python3.5/site-packages/packaging/__init__.py                                             3      0   100%
/home/sjy/github/coala-venv/lib/python3.5/site-packages/packaging/_structures.py                                         41     17    59%
/home/sjy/github/coala-venv/lib/python3.5/site-packages/packaging/version.py                                            150     83    45%
/home/sjy/github/coala-venv/lib/python3.5/site-packages/pip/_vendor/pkg_resources/__init__.py                          1508   1499     1%
/home/sjy/github/coala-venv/lib/python3.5/site-packages/pip/_vendor/requests/packages/urllib3/packages/six.py           444    442     1%
/home/sjy/github/coala-venv/lib/python3.5/site-packages/pip/_vendor/six.py                                              444    442     1%
/home/sjy/github/coala-venv/lib/python3.5/site-packages/pip/compat/__init__.py                                           85     82     4%
/home/sjy/github/coala-venv/lib/python3.5/site-packages/pip/locations.py                                                 83     77     7%
/home/sjy/github/coala-venv/lib/python3.5/site-packages/pip/utils/__init__.py                                           440    409     7%
/home/sjy/github/coala-venv/lib/python3.5/site-packages/pkg_resources/__init__.py                                      1539   1537     1%
/home/sjy/github/coala-venv/lib/python3.5/site-packages/pkg_resources/_vendor/six.py                                    444    442     1%
/home/sjy/github/coala-venv/lib/python3.5/site-packages/pkg_resources/extern/__init__.py                                 35     32     9%
/home/sjy/github/coala-venv/lib/python3.5/site-packages/py/_builtin.py                                                  188    183     3%
/home/sjy/github/coala-venv/lib/python3.5/site-packages/py/_code/code.py                                                524    522     1%
/home/sjy/github/coala-venv/lib/python3.5/site-packages/py/_error.py                                                     52     49     6%
/home/sjy/github/coala-venv/lib/python3.5/site-packages/py/_io/__init__.py                                                0      0   100%
/home/sjy/github/coala-venv/lib/python3.5/site-packages/py/_io/terminalwriter.py                                        249    152    39%
/home/sjy/github/coala-venv/lib/python3.5/site-packages/py/_path/common.py                                              274    171    38%
/home/sjy/github/coala-venv/lib/python3.5/site-packages/py/_path/local.py                                               673    518    23%
/home/sjy/github/coala-venv/lib/python3.5/site-packages/py/_std.py                                                       15      6    60%
/home/sjy/github/coala-venv/lib/python3.5/site-packages/py/_vendored_packages/apipkg.py                                 148    129    13%
/home/sjy/github/coala-venv/lib/python3.5/site-packages/py/_vendored_packages/iniconfig.py                              122    121     1%
/home/sjy/github/coala-venv/lib/python3.5/site-packages/py/_xmlgen.py                                                   170    168     1%
/home/sjy/github/coala-venv/lib/python3.5/site-packages/pygments/__init__.py                                             26     17    35%
/home/sjy/github/coala-venv/lib/python3.5/site-packages/pygments/console.py                                              42     16    62%
/home/sjy/github/coala-venv/lib/python3.5/site-packages/pygments/filter.py                                               24     14    42%
/home/sjy/github/coala-venv/lib/python3.5/site-packages/pygments/filters/__init__.py                                    159    124    22%
/home/sjy/github/coala-venv/lib/python3.5/site-packages/pygments/formatter.py                                            29     15    48%
/home/sjy/github/coala-venv/lib/python3.5/site-packages/pygments/formatters/__init__.py                                  84     48    43%
/home/sjy/github/coala-venv/lib/python3.5/site-packages/pygments/formatters/_mapping.py                                   3      0   100%
/home/sjy/github/coala-venv/lib/python3.5/site-packages/pygments/formatters/terminal.py                                  46     29    37%
/home/sjy/github/coala-venv/lib/python3.5/site-packages/pygments/formatters/terminal256.py                              188    158    16%
/home/sjy/github/coala-venv/lib/python3.5/site-packages/pygments/lexer.py                                               469    375    20%
/home/sjy/github/coala-venv/lib/python3.5/site-packages/pygments/lexers/__init__.py                                     182    139    24%
/home/sjy/github/coala-venv/lib/python3.5/site-packages/pygments/lexers/_mapping.py                                       3      0   100%
/home/sjy/github/coala-venv/lib/python3.5/site-packages/pygments/lexers/special.py                                       59     35    41%
/home/sjy/github/coala-venv/lib/python3.5/site-packages/pygments/modeline.py                                             20     14    30%
/home/sjy/github/coala-venv/lib/python3.5/site-packages/pygments/plugin.py                                               23     13    43%
/home/sjy/github/coala-venv/lib/python3.5/site-packages/pygments/regexopt.py                                             43     32    26%
/home/sjy/github/coala-venv/lib/python3.5/site-packages/pygments/style.py                                                89     30    66%
/home/sjy/github/coala-venv/lib/python3.5/site-packages/pygments/styles/__init__.py                                      27     21    22%
/home/sjy/github/coala-venv/lib/python3.5/site-packages/pygments/token.py                                                59     14    76%
/home/sjy/github/coala-venv/lib/python3.5/site-packages/pygments/util.py                                                207    145    30%
/home/sjy/github/coala-venv/lib/python3.5/site-packages/pyprint/ClosableObject.py                                        13      8    38%
/home/sjy/github/coala-venv/lib/python3.5/site-packages/pyprint/ColorPrinter.py                                          18      5    72%
/home/sjy/github/coala-venv/lib/python3.5/site-packages/pyprint/ConsolePrinter.py                                        19      1    95%
/home/sjy/github/coala-venv/lib/python3.5/site-packages/pyprint/Printer.py                                                6      1    83%
/home/sjy/github/coala-venv/lib/python3.5/site-packages/pyprint/__init__.py                                               0      0   100%
/home/sjy/github/coala-venv/lib/python3.5/site-packages/pytest_cov/compat.py                                             19     15    21%
/home/sjy/github/coala-venv/lib/python3.5/site-packages/pytest_cov/engine.py                                            166    153     8%
/home/sjy/github/coala-venv/lib/python3.5/site-packages/pytest_cov/plugin.py                                            157    142    10%
/home/sjy/github/coala-venv/lib/python3.5/site-packages/pytest_env/plugin.py                                             18      8    56%
/home/sjy/github/coala-venv/lib/python3.5/site-packages/pytest_error_for_skips.py                                        11      7    36%
/home/sjy/github/coala-venv/lib/python3.5/site-packages/pytest_forked/__init__.py                                        54     53     2%
/home/sjy/github/coala-venv/lib/python3.5/site-packages/pytest_instafail.py                                              48     36    25%
/home/sjy/github/coala-venv/lib/python3.5/site-packages/pytest_mock.py                                                  156    132    15%
/home/sjy/github/coala-venv/lib/python3.5/site-packages/pytest_reorder/hook.py                                           13      7    46%
/home/sjy/github/coala-venv/lib/python3.5/site-packages/pytest_reorder/reorder.py                                        25     12    52%
/home/sjy/github/coala-venv/lib/python3.5/site-packages/pytest_reqs.py                                                   93     81    13%
/home/sjy/github/coala-venv/lib/python3.5/site-packages/pytest_timeout.py                                               191    146    24%
/home/sjy/github/coala-venv/lib/python3.5/site-packages/requests/__init__.py                                             50      7    86%
/home/sjy/github/coala-venv/lib/python3.5/site-packages/requests/__version__.py                                          10      0   100%
/home/sjy/github/coala-venv/lib/python3.5/site-packages/requests/_internal_utils.py                                      16     12    25%
/home/sjy/github/coala-venv/lib/python3.5/site-packages/requests/adapters.py                                            214    163    24%
/home/sjy/github/coala-venv/lib/python3.5/site-packages/requests/api.py                                                  22     12    45%
/home/sjy/github/coala-venv/lib/python3.5/site-packages/requests/auth.py                                                162    129    20%
/home/sjy/github/coala-venv/lib/python3.5/site-packages/requests/certs.py                                                 4      1    75%
/home/sjy/github/coala-venv/lib/python3.5/site-packages/requests/compat.py                                               37     13    65%
/home/sjy/github/coala-venv/lib/python3.5/site-packages/requests/cookies.py                                             236    175    26%
/home/sjy/github/coala-venv/lib/python3.5/site-packages/requests/exceptions.py                                           34      6    82%
/home/sjy/github/coala-venv/lib/python3.5/site-packages/requests/hooks.py                                                15     11    27%
/home/sjy/github/coala-venv/lib/python3.5/site-packages/requests/models.py                                              443    370    16%
/home/sjy/github/coala-venv/lib/python3.5/site-packages/requests/packages.py                                              6      0   100%
/home/sjy/github/coala-venv/lib/python3.5/site-packages/requests/sessions.py                                            270    219    19%
/home/sjy/github/coala-venv/lib/python3.5/site-packages/requests/status_codes.py                                          8      0   100%
/home/sjy/github/coala-venv/lib/python3.5/site-packages/requests/structures.py                                           40     19    52%
/home/sjy/github/coala-venv/lib/python3.5/site-packages/requests/utils.py                                               400    336    16%
/home/sjy/github/coala-venv/lib/python3.5/site-packages/sarge/__init__.py                                               842    719    15%
/home/sjy/github/coala-venv/lib/python3.5/site-packages/sarge/shlext.py                                                 152    142     7%
/home/sjy/github/coala-venv/lib/python3.5/site-packages/termcolor.py                                                     59     38    36%
/home/sjy/github/coala-venv/lib/python3.5/site-packages/testfixtures/__init__.py                                         17      1    94%
/home/sjy/github/coala-venv/lib/python3.5/site-packages/testfixtures/comparison.py                                      386    325    16%
/home/sjy/github/coala-venv/lib/python3.5/site-packages/testfixtures/compat.py                                           42     19    55%
/home/sjy/github/coala-venv/lib/python3.5/site-packages/testfixtures/logcapture.py                                       90     64    29%
/home/sjy/github/coala-venv/lib/python3.5/site-packages/testfixtures/outputcapture.py                                    32     19    41%
/home/sjy/github/coala-venv/lib/python3.5/site-packages/testfixtures/replace.py                                          66     44    33%
/home/sjy/github/coala-venv/lib/python3.5/site-packages/testfixtures/resolve.py                                          37     35     5%
/home/sjy/github/coala-venv/lib/python3.5/site-packages/testfixtures/rmtree.py                                           10      2    80%
/home/sjy/github/coala-venv/lib/python3.5/site-packages/testfixtures/shouldraise.py                                      42     29    31%
/home/sjy/github/coala-venv/lib/python3.5/site-packages/testfixtures/shouldwarn.py                                       22     12    45%
/home/sjy/github/coala-venv/lib/python3.5/site-packages/testfixtures/tdatetime.py                                       125    101    19%
/home/sjy/github/coala-venv/lib/python3.5/site-packages/testfixtures/tempdirectory.py                                   128     96    25%
/home/sjy/github/coala-venv/lib/python3.5/site-packages/testfixtures/utils.py                                            42     31    26%
/home/sjy/github/coala-venv/lib/python3.5/site-packages/unidiff/__init__.py                                               5      0   100%
/home/sjy/github/coala-venv/lib/python3.5/site-packages/unidiff/__version__.py                                            1      0   100%
/home/sjy/github/coala-venv/lib/python3.5/site-packages/unidiff/constants.py                                             16      0   100%
/home/sjy/github/coala-venv/lib/python3.5/site-packages/unidiff/errors.py                                                 3      0   100%
/home/sjy/github/coala-venv/lib/python3.5/site-packages/unidiff/patch.py                                                257    191    26%
/home/sjy/github/coala-venv/lib/python3.5/site-packages/urllib3/__init__.py                                              38     12    68%
/home/sjy/github/coala-venv/lib/python3.5/site-packages/urllib3/_collections.py                                         177    130    27%
/home/sjy/github/coala-venv/lib/python3.5/site-packages/urllib3/connection.py                                           160    108    32%
/home/sjy/github/coala-venv/lib/python3.5/site-packages/urllib3/connectionpool.py                                       317    257    19%
/home/sjy/github/coala-venv/lib/python3.5/site-packages/urllib3/contrib/__init__.py                                       0      0   100%
/home/sjy/github/coala-venv/lib/python3.5/site-packages/urllib3/contrib/pyopenssl.py                                    230    228     1%
/home/sjy/github/coala-venv/lib/python3.5/site-packages/urllib3/contrib/socks.py                                         71     62    13%
/home/sjy/github/coala-venv/lib/python3.5/site-packages/urllib3/exceptions.py                                            96     21    78%
/home/sjy/github/coala-venv/lib/python3.5/site-packages/urllib3/fields.py                                                69     56    19%
/home/sjy/github/coala-venv/lib/python3.5/site-packages/urllib3/filepost.py                                              39     27    31%
/home/sjy/github/coala-venv/lib/python3.5/site-packages/urllib3/packages/__init__.py                                      3      0   100%
/home/sjy/github/coala-venv/lib/python3.5/site-packages/urllib3/packages/six.py                                         444    208    53%
/home/sjy/github/coala-venv/lib/python3.5/site-packages/urllib3/packages/ssl_match_hostname/__init__.py                  11      6    45%
/home/sjy/github/coala-venv/lib/python3.5/site-packages/urllib3/poolmanager.py                                          164    125    24%
/home/sjy/github/coala-venv/lib/python3.5/site-packages/urllib3/request.py                                               38     27    29%
/home/sjy/github/coala-venv/lib/python3.5/site-packages/urllib3/response.py                                             308    255    17%
/home/sjy/github/coala-venv/lib/python3.5/site-packages/urllib3/util/__init__.py                                         10      0   100%
/home/sjy/github/coala-venv/lib/python3.5/site-packages/urllib3/util/connection.py                                       66     46    30%
/home/sjy/github/coala-venv/lib/python3.5/site-packages/urllib3/util/request.py                                          45     36    20%
/home/sjy/github/coala-venv/lib/python3.5/site-packages/urllib3/util/response.py                                         32     26    19%
/home/sjy/github/coala-venv/lib/python3.5/site-packages/urllib3/util/retry.py                                           148    102    31%
/home/sjy/github/coala-venv/lib/python3.5/site-packages/urllib3/util/selectors.py                                       363    297    18%
/home/sjy/github/coala-venv/lib/python3.5/site-packages/urllib3/util/ssl_.py                                            126     98    22%
/home/sjy/github/coala-venv/lib/python3.5/site-packages/urllib3/util/timeout.py                                          59     42    29%
/home/sjy/github/coala-venv/lib/python3.5/site-packages/urllib3/util/url.py                                             103     87    16%
/home/sjy/github/coala-venv/lib/python3.5/site-packages/urllib3/util/wait.py                                             16     12    25%
/home/sjy/github/coala-venv/lib/python3.5/site-packages/xdist/looponfail.py                                             197    196     1%
/home/sjy/github/coala-venv/lib/python3.5/site-packages/xdist/plugin.py                                                  59     51    14%
/home/sjy/github/coala/coalib/__init__.py                                                                                12      3    75%
/home/sjy/github/coala/coalib/bearlib/__init__.py                                                                        49     43    12%
/home/sjy/github/coala/coalib/bearlib/abstractions/Linter.py                                                            212    110    48%
/home/sjy/github/coala/coalib/bearlib/abstractions/LinterClass.py                                                         2      0   100%
/home/sjy/github/coala/coalib/bearlib/abstractions/SectionCreatable.py                                                   13      6    54%
/home/sjy/github/coala/coalib/bearlib/abstractions/__init__.py                                                            0      0   100%
/home/sjy/github/coala/coalib/bearlib/aspects/Formatting.py                                                              98      0   100%
/home/sjy/github/coala/coalib/bearlib/aspects/Metadata.py                                                                79      0   100%
/home/sjy/github/coala/coalib/bearlib/aspects/Redundancy.py                                                              65      0   100%
/home/sjy/github/coala/coalib/bearlib/aspects/Security.py                                                                 7      0   100%
/home/sjy/github/coala/coalib/bearlib/aspects/Smell.py                                                                  110      0   100%
/home/sjy/github/coala/coalib/bearlib/aspects/Spelling.py                                                                20      0   100%
/home/sjy/github/coala/coalib/bearlib/aspects/__init__.py                                                                44     18    59%
/home/sjy/github/coala/coalib/bearlib/aspects/base.py                                                                    62     44    29%
/home/sjy/github/coala/coalib/bearlib/aspects/collections.py                                                             42     29    31%
/home/sjy/github/coala/coalib/bearlib/aspects/decorators.py                                                              22     17    23%
/home/sjy/github/coala/coalib/bearlib/aspects/docs.py                                                                    10      0   100%
/home/sjy/github/coala/coalib/bearlib/aspects/exceptions.py                                                              20     12    40%
/home/sjy/github/coala/coalib/bearlib/aspects/meta.py                                                                    52      9    83%
/home/sjy/github/coala/coalib/bearlib/aspects/root.py                                                                     5      0   100%
/home/sjy/github/coala/coalib/bearlib/aspects/taste.py                                                                   27      6    78%
/home/sjy/github/coala/coalib/bearlib/languages/Language.py                                                             155     59    62%
/home/sjy/github/coala/coalib/bearlib/languages/__init__.py                                                              24      0   100%
/home/sjy/github/coala/coalib/bearlib/languages/definitions/C.py                                                         11      0   100%
/home/sjy/github/coala/coalib/bearlib/languages/definitions/CPP.py                                                       12      0   100%
/home/sjy/github/coala/coalib/bearlib/languages/definitions/CSS.py                                                        8      0   100%
/home/sjy/github/coala/coalib/bearlib/languages/definitions/CSharp.py                                                     8      0   100%
/home/sjy/github/coala/coalib/bearlib/languages/definitions/Fortran.py                                                    3      0   100%
/home/sjy/github/coala/coalib/bearlib/languages/definitions/Golang.py                                                    10      0   100%
/home/sjy/github/coala/coalib/bearlib/languages/definitions/JSP.py                                                        3      0   100%
/home/sjy/github/coala/coalib/bearlib/languages/definitions/Java.py                                                       9      0   100%
/home/sjy/github/coala/coalib/bearlib/languages/definitions/JavaScript.py                                                10      0   100%
/home/sjy/github/coala/coalib/bearlib/languages/definitions/Matlab.py                                                     3      0   100%
/home/sjy/github/coala/coalib/bearlib/languages/definitions/ObjectiveC.py                                                 3      0   100%
/home/sjy/github/coala/coalib/bearlib/languages/definitions/PHP.py                                                        3      0   100%
/home/sjy/github/coala/coalib/bearlib/languages/definitions/PLSQL.py                                                      3      0   100%
/home/sjy/github/coala/coalib/bearlib/languages/definitions/Python.py                                                    11      0   100%
/home/sjy/github/coala/coalib/bearlib/languages/definitions/Ruby.py                                                       3      0   100%
/home/sjy/github/coala/coalib/bearlib/languages/definitions/Scala.py                                                      3      0   100%
/home/sjy/github/coala/coalib/bearlib/languages/definitions/Shell.py                                                     11      0   100%
/home/sjy/github/coala/coalib/bearlib/languages/definitions/Swift.py                                                      3      0   100%
/home/sjy/github/coala/coalib/bearlib/languages/definitions/TypeScript.py                                                11      0   100%
/home/sjy/github/coala/coalib/bearlib/languages/definitions/Unknown.py                                                    3      0   100%
/home/sjy/github/coala/coalib/bearlib/languages/definitions/Vala.py                                                       9      0   100%
/home/sjy/github/coala/coalib/bearlib/languages/definitions/__init__.py                                                   0      0   100%
/home/sjy/github/coala/coalib/bearlib/languages/definitions/html.py                                                      10      0   100%
/home/sjy/github/coala/coalib/bearlib/spacing/SpacingHelper.py                                                           59     46    22%
/home/sjy/github/coala/coalib/bearlib/spacing/__init__.py                                                                 0      0   100%
/home/sjy/github/coala/coalib/bears/BEAR_KIND.py                                                                          2      0   100%
/home/sjy/github/coala/coalib/bears/Bear.py                                                                             137     80    42%
/home/sjy/github/coala/coalib/bears/GlobalBear.py                                                                        10      4    60%
/home/sjy/github/coala/coalib/bears/LocalBear.py                                                                         10      1    90%
/home/sjy/github/coala/coalib/bears/__init__.py                                                                           0      0   100%
/home/sjy/github/coala/coalib/bears/meta.py                                                                              12      0   100%
/home/sjy/github/coala/coalib/coala.py                                                                                   66     29    56%
/home/sjy/github/coala/coalib/coala_modes.py                                                                             37     33    11%
/home/sjy/github/coala/coalib/collecting/Collectors.py                                                                  132     61    54%
/home/sjy/github/coala/coalib/collecting/Dependencies.py                                                                 19     16    16%
/home/sjy/github/coala/coalib/collecting/Importers.py                                                                    59     11    81%
/home/sjy/github/coala/coalib/collecting/__init__.py                                                                      0      0   100%
/home/sjy/github/coala/coalib/core/CircularDependencyError.py                                                             6      4    33%
/home/sjy/github/coala/coalib/core/__init__.py                                                                            0      0   100%
/home/sjy/github/coala/coalib/misc/Constants.py                                                                          25      2    92%
/home/sjy/github/coala/coalib/misc/DeprecationUtilities.py                                                                5      1    80%
/home/sjy/github/coala/coalib/misc/DictUtilities.py                                                                      12      2    83%
/home/sjy/github/coala/coalib/misc/Enum.py                                                                                6      0   100%
/home/sjy/github/coala/coalib/misc/Exceptions.py                                                                         27     20    26%
/home/sjy/github/coala/coalib/misc/Shell.py                                                                              30     20    33%
/home/sjy/github/coala/coalib/misc/__init__.py                                                                            0      0   100%
/home/sjy/github/coala/coalib/output/ConfWriter.py                                                                       95     78    18%
/home/sjy/github/coala/coalib/output/ConsoleInteraction.py                                                              337    243    28%
/home/sjy/github/coala/coalib/output/Logging.py                                                                          27      7    74%
/home/sjy/github/coala/coalib/output/__init__.py                                                                          0      0   100%
/home/sjy/github/coala/coalib/output/printers/LOG_LEVEL.py                                                                4      0   100%
/home/sjy/github/coala/coalib/output/printers/LogPrinter.py                                                              46     26    43%
/home/sjy/github/coala/coalib/output/printers/__init__.py                                                                 0      0   100%
/home/sjy/github/coala/coalib/parsing/CliParsing.py                                                                      33      0   100%
/home/sjy/github/coala/coalib/parsing/ConfParser.py                                                                      73      0   100%
/home/sjy/github/coala/coalib/parsing/DefaultArgParser.py                                                                67      0   100%
/home/sjy/github/coala/coalib/parsing/FilterHelper.py                                                                    18      2    89%
/home/sjy/github/coala/coalib/parsing/Globbing.py                                                                       176      1    99%
/home/sjy/github/coala/coalib/parsing/InvalidFilterException.py                                                           4      0   100%
/home/sjy/github/coala/coalib/parsing/LineParser.py                                                                      79      0   100%
/home/sjy/github/coala/coalib/parsing/__init__.py                                                                         0      0   100%
/home/sjy/github/coala/coalib/parsing/filters/CanDetectFilter.py                                                          3      0   100%
/home/sjy/github/coala/coalib/parsing/filters/CanFixFilter.py                                                             3      0   100%
/home/sjy/github/coala/coalib/parsing/filters/Filter.py                                                                  11      0   100%
/home/sjy/github/coala/coalib/parsing/filters/LanguageFilter.py                                                           3      0   100%
/home/sjy/github/coala/coalib/parsing/filters/__init__.py                                                                 4      0   100%
/home/sjy/github/coala/coalib/processes/__init__.py                                                                       0      0   100%
/home/sjy/github/coala/coalib/processes/communication/LogMessage.py                                                      25     17    32%
/home/sjy/github/coala/coalib/processes/communication/__init__.py                                                         0      0   100%
/home/sjy/github/coala/coalib/results/AbsolutePosition.py                                                                20     13    35%
/home/sjy/github/coala/coalib/results/Diff.py                                                                           218    172    21%
/home/sjy/github/coala/coalib/results/LineDiff.py                                                                        36     23    36%
/home/sjy/github/coala/coalib/results/RESULT_SEVERITY.py                                                                  4      0   100%
/home/sjy/github/coala/coalib/results/Result.py                                                                          93     68    27%
/home/sjy/github/coala/coalib/results/SourcePosition.py                                                                  17      7    59%
/home/sjy/github/coala/coalib/results/SourceRange.py                                                                     59     35    41%
/home/sjy/github/coala/coalib/results/TextPosition.py                                                                    25     16    36%
/home/sjy/github/coala/coalib/results/TextRange.py                                                                       38     23    39%
/home/sjy/github/coala/coalib/results/__init__.py                                                                         0      0   100%
/home/sjy/github/coala/coalib/results/result_actions/ApplyPatchAction.py                                                 28     18    36%
/home/sjy/github/coala/coalib/results/result_actions/DoNothingAction.py                                                   5      0   100%
/home/sjy/github/coala/coalib/results/result_actions/GeneratePatchesAction.py                                            44     24    45%
/home/sjy/github/coala/coalib/results/result_actions/IgnoreResultAction.py                                               54     36    33%
/home/sjy/github/coala/coalib/results/result_actions/OpenEditorAction.py                                                 48     29    40%
/home/sjy/github/coala/coalib/results/result_actions/PrintDebugMessageAction.py                                          13      5    62%
/home/sjy/github/coala/coalib/results/result_actions/PrintMoreInfoAction.py                                              13      5    62%
/home/sjy/github/coala/coalib/results/result_actions/ResultAction.py                                                     18      7    61%
/home/sjy/github/coala/coalib/results/result_actions/ShowAppliedPatchesAction.py                                         27     18    33%
/home/sjy/github/coala/coalib/results/result_actions/ShowPatchAction.py                                                  72     55    24%
/home/sjy/github/coala/coalib/results/result_actions/__init__.py                                                          0      0   100%
/home/sjy/github/coala/coalib/settings/Annotations.py                                                                    15     11    27%
/home/sjy/github/coala/coalib/settings/ConfigurationGathering.py                                                        162     92    43%
/home/sjy/github/coala/coalib/settings/DocstringMetadata.py                                                              40      2    95%
/home/sjy/github/coala/coalib/settings/FunctionMetadata.py                                                               91     26    71%
/home/sjy/github/coala/coalib/settings/Section.py                                                                       137     46    66%
/home/sjy/github/coala/coalib/settings/SectionFilling.py                                                                 44     35    20%
/home/sjy/github/coala/coalib/settings/Setting.py                                                                        88     38    57%
/home/sjy/github/coala/coalib/settings/__init__.py                                                                        0      0   100%
/home/sjy/github/coala/conftest.py                                                                                        9      6    33%
/home/sjy/github/coala/tests/TestUtilities.py                                                                            22      0   100%
/home/sjy/github/coala/tests/__init__.py                                                                                  9      3    67%
/home/sjy/github/coala/tests/conftest.py                                                                                  3      0   100%
CliParsingTest.py                                                                                                        33      3    91%
ConfParserTest.py                                                                                                       101      0   100%
DefaultArgParserTest.py                                                                                                  18      0   100%
FilterTest.py                                                                                                            68      0   100%
GlobTestDir/SubDir1/File11.py                                                                                             0      0   100%
GlobTestDir/SubDir1/File12.py                                                                                             0      0   100%
GlobbingTest.py                                                                                                         194      0   100%
LineParserTest.py                                                                                                        67      0   100%
__init__.py                                                                                                               0      0   100%
/home/sjy/github/coala/tests/test_bears/AspectTestBear.py                                                                 9      1    89%
/home/sjy/github/coala/tests/test_bears/ErrorTestBear.py                                                                  4      1    75%
/home/sjy/github/coala/tests/test_bears/JavaTestBear.py                                                                   7      0   100%
/home/sjy/github/coala/tests/test_bears/LineCountTestBear.py                                                              7      1    86%
/home/sjy/github/coala/tests/test_bears/LinterBear.py                                                                     6      1    83%
/home/sjy/github/coala/tests/test_bears/RaiseTestBear.py                                                                  6      2    67%
/home/sjy/github/coala/tests/test_bears/TestBear.py                                                                      13     10    23%
/home/sjy/github/coala/tests/test_bears/TestBearDep.py                                                                   23      9    61%
/home/sjy/github/coala/tests/test_bears/__init__.py                                                                       0      0   100%
/home/sjy/github/coala/tests/test_bears/internal_folder/DependentBear.py                                                  4      0   100%
/home/sjy/github/coala/tests/test_bears/internal_folder/SpaceConsistencyTestBear.py                                      33     27    18%
/home/sjy/github/coala/tests/test_bears/internal_folder/__init__.py                                                       0      0   100%
-----------------------------------------------------------------------------------------------------------------------------------------
TOTAL                                                                                                                 35113  26057    26%


[32m[1m========================== 67 passed in 7.47 seconds ===========================[0m
